<?xml version="1.0" encoding="UTF-8"?><testsuite errors="1" failures="0" name="Verificar que el usuario compra el vestido mas caro" skipped="0" tests="1" time="12.87" timestamp="2021-11-21 11:15:36"><testcase name="comprar el vestido mas caro y enviar por correo el comprobante de pago"><error message="The following error occurred: javascript error: Failed to set the 'innerHTML' property on 'Element': This document requires 'TrustedHTML' assignment.&#10;  (Session info: chrome=96.0.4664.45)&#10;Build info: version: '3.11.0', revision: 'e59cfb3', time: '2018-03-11T20:26:55.152Z'&#10;System info: host: 'DESKTOP-URLTID4', ip: '192.168.0.110', os.name: 'Windows 10', os.arch: 'amd64', os.version: '10.0', java.version: '1.8.0_281'&#10;Driver info: org.openqa.selenium.remote.RemoteWebDriver&#10;Capabilities {acceptInsecureCerts: false, browserName: chrome, browserVersion: 96.0.4664.45, chrome: {chromedriverVersion: 96.0.4664.45 (76e4c1bb2ab46..., userDataDir: C:\Users\GS-0223\AppData\Lo...}, goog:chromeOptions: {debuggerAddress: localhost:57735}, javascriptEnabled: true, networkConnectionEnabled: false, pageLoadStrategy: normal, platform: WINDOWS, platformName: WINDOWS, proxy: Proxy(), setWindowRect: true, strictFileInteractability: false, timeouts: {implicit: 0, pageLoad: 300000, script: 30000}, unhandledPromptBehavior: dismiss and notify, webauthn:extension:credBlob: true, webauthn:extension:largeBlob: true, webauthn:virtualAuthenticators: true}&#10;Session ID: ca4d57bff02fba42ac268f16f4e67dbe" type="org.openqa.selenium.JavascriptException">The following error occurred: javascript error: Failed to set the 'innerHTML' property on 'Element': This document requires 'TrustedHTML' assignment.
  (Session info: chrome=96.0.4664.45)
Build info: version: '3.11.0', revision: 'e59cfb3', time: '2018-03-11T20:26:55.152Z'
System info: host: 'DESKTOP-URLTID4', ip: '192.168.0.110', os.name: 'Windows 10', os.arch: 'amd64', os.version: '10.0', java.version: '1.8.0_281'
Driver info: org.openqa.selenium.remote.RemoteWebDriver
Capabilities {acceptInsecureCerts: false, browserName: chrome, browserVersion: 96.0.4664.45, chrome: {chromedriverVersion: 96.0.4664.45 (76e4c1bb2ab46..., userDataDir: C:\Users\GS-0223\AppData\Lo...}, goog:chromeOptions: {debuggerAddress: localhost:57735}, javascriptEnabled: true, networkConnectionEnabled: false, pageLoadStrategy: normal, platform: WINDOWS, platformName: WINDOWS, proxy: Proxy(), setWindowRect: true, strictFileInteractability: false, timeouts: {implicit: 0, pageLoad: 300000, script: 30000}, unhandledPromptBehavior: dismiss and notify, webauthn:extension:credBlob: true, webauthn:extension:largeBlob: true, webauthn:virtualAuthenticators: true}
Session ID: ca4d57bff02fba42ac268f16f4e67dbe</error><system-err>The following error occurred: javascript error: Failed to set the 'innerHTML' property on 'Element': This document requires 'TrustedHTML' assignment.
  (Session info: chrome=96.0.4664.45)
Build info: version: '3.11.0', revision: 'e59cfb3', time: '2018-03-11T20:26:55.152Z'
System info: host: 'DESKTOP-URLTID4', ip: '192.168.0.110', os.name: 'Windows 10', os.arch: 'amd64', os.version: '10.0', java.version: '1.8.0_281'
Driver info: org.openqa.selenium.remote.RemoteWebDriver
Capabilities {acceptInsecureCerts: false, browserName: chrome, browserVersion: 96.0.4664.45, chrome: {chromedriverVersion: 96.0.4664.45 (76e4c1bb2ab46..., userDataDir: C:\Users\GS-0223\AppData\Lo...}, goog:chromeOptions: {debuggerAddress: localhost:57735}, javascriptEnabled: true, networkConnectionEnabled: false, pageLoadStrategy: normal, platform: WINDOWS, platformName: WINDOWS, proxy: Proxy(), setWindowRect: true, strictFileInteractability: false, timeouts: {implicit: 0, pageLoad: 300000, script: 30000}, unhandledPromptBehavior: dismiss and notify, webauthn:extension:credBlob: true, webauthn:extension:largeBlob: true, webauthn:virtualAuthenticators: true}
Session ID: ca4d57bff02fba42ac268f16f4e67dbe&#13;
tasks.EnviarCorreo.performAs(EnviarCorreo.java:27)&#13;
stepdefinitions.BuscarVestidoStepDefinitions.elUsuarioQuiereEnviarElPagoPorCorreo(BuscarVestidoStepDefinitions.java:50)&#13;
cucumber.runner.Runner.runPickle(Runner.java:80)&#13;
</system-err></testcase></testsuite>